0 info it worked if it ends with ok
1 verbose cli [ '/usr/local/bin/node', '/usr/local/bin/npm', 'start' ]
2 info using npm@3.10.3
3 info using node@v6.7.0
4 verbose run-script [ 'prestart', 'start', 'poststart' ]
5 info lifecycle login-reg-v3@1.0.0~prestart: login-reg-v3@1.0.0
6 silly lifecycle login-reg-v3@1.0.0~prestart: no script for prestart, continuing
7 info lifecycle login-reg-v3@1.0.0~start: login-reg-v3@1.0.0
8 verbose lifecycle login-reg-v3@1.0.0~start: unsafe-perm in lifecycle true
9 verbose lifecycle login-reg-v3@1.0.0~start: PATH: /usr/local/lib/node_modules/npm/bin/node-gyp-bin:/Users/timotree/Google Drive/web-design/coding-dojo/chapters/ch16-mean/06-full-mean/login-reg-v3/node_modules/.bin:/usr/local/bin:/usr/local/bin:/usr/local/sbin:/usr/local/bin:/usr/bin:/bin:/usr/sbin:/sbin
10 verbose lifecycle login-reg-v3@1.0.0~start: CWD: /Users/timotree/Google Drive/web-design/coding-dojo/chapters/ch16-mean/06-full-mean/login-reg-v3
11 silly lifecycle login-reg-v3@1.0.0~start: Args: [ '-c', 'server/server.js' ]
12 silly lifecycle login-reg-v3@1.0.0~start: Returned: code: 126  signal: null
13 info lifecycle login-reg-v3@1.0.0~start: Failed to exec start script
14 verbose stack Error: login-reg-v3@1.0.0 start: `server/server.js`
14 verbose stack Exit status 126
14 verbose stack     at EventEmitter.<anonymous> (/usr/local/lib/node_modules/npm/lib/utils/lifecycle.js:242:16)
14 verbose stack     at emitTwo (events.js:106:13)
14 verbose stack     at EventEmitter.emit (events.js:191:7)
14 verbose stack     at ChildProcess.<anonymous> (/usr/local/lib/node_modules/npm/lib/utils/spawn.js:40:14)
14 verbose stack     at emitTwo (events.js:106:13)
14 verbose stack     at ChildProcess.emit (events.js:191:7)
14 verbose stack     at maybeClose (internal/child_process.js:877:16)
14 verbose stack     at Process.ChildProcess._handle.onexit (internal/child_process.js:226:5)
15 verbose pkgid login-reg-v3@1.0.0
16 verbose cwd /Users/timotree/Google Drive/web-design/coding-dojo/chapters/ch16-mean/06-full-mean/login-reg-v3
17 error Darwin 16.1.0
18 error argv "/usr/local/bin/node" "/usr/local/bin/npm" "start"
19 error node v6.7.0
20 error npm  v3.10.3
21 error code ELIFECYCLE
22 error login-reg-v3@1.0.0 start: `server/server.js`
22 error Exit status 126
23 error Failed at the login-reg-v3@1.0.0 start script 'server/server.js'.
23 error Make sure you have the latest version of node.js and npm installed.
23 error If you do, this is most likely a problem with the login-reg-v3 package,
23 error not with npm itself.
23 error Tell the author that this fails on your system:
23 error     server/server.js
23 error You can get information on how to open an issue for this project with:
23 error     npm bugs login-reg-v3
23 error Or if that isn't available, you can get their info via:
23 error     npm owner ls login-reg-v3
23 error There is likely additional logging output above.
24 verbose exit [ 1, true ]
